Running: D:\Xilinx\14.7\ISE_DS\ISE\bin\nt64\unwrapped\fuse.exe -intstyle ise -incremental -lib unisims_ver -lib unimacro_ver -lib xilinxcorelib_ver -lib secureip -o D:/ISE FILE/BSYNC/Bsync_test_isim_beh.exe -prj D:/ISE FILE/BSYNC/Bsync_test_beh.prj work.Bsync_test work.glbl 
ISim P.20131013 (signature 0x7708f090)
Number of CPUs detected in this system: 4
Turning on mult-threading, number of parallel sub-compilation jobs: 8 
Determining compilation order of HDL files
Analyzing Verilog file "D:/ISE FILE/BSYNC/Bsync.v" into library work
Analyzing Verilog file "D:/ISE FILE/BSYNC/Bsync_test.v" into library work
Analyzing Verilog file "D:/Xilinx/14.7/ISE_DS/ISE//verilog/src/glbl.v" into library work
Starting static elaboration
Completed static elaboration
Compiling module Bsync
Compiling module Bsync_test
WARNING:Simulator:833 - "D:/ISE FILE/BSYNC/Bsync_test.v" Line 61. Negative delay (-1294967296000.000000) treated as 0.
Compiling module glbl
Time Resolution for simulation is 1ps.
Waiting for 1 sub-compilation(s) to finish...
WARNING:Simulator - Unable to copy libPortabilityNOSH.dll to the simulation executable directory: boost::filesystem::copy_file: 지정된 경로를 찾을 수 없습니다, "isim\Bsync_test_isim_beh.exe.sim\libPortability.dll".
Compiled 3 Verilog Units
Built simulation executable D:/ISE FILE/BSYNC/Bsync_test_isim_beh.exe
Fuse Memory Usage: 28520 KB
Fuse CPU Usage: 546 ms
